[INFO] Scanning for projects...
[INFO] 
[INFO] ----------------------< com.example:gateway-demo >----------------------
[INFO] Building gateway-demo 0.0.1-SNAPSHOT
[INFO] --------------------------------[ jar ]---------------------------------
[INFO] 
[INFO] --- maven-dependency-plugin:3.1.2:tree (default-cli) @ gateway-demo ---
Downloading from aliyunmaven: https://maven.aliyun.com/repository/public/org/hdrhistogram/HdrHistogram/2.1.9/HdrHistogram-2.1.9.jar
Downloaded from aliyunmaven: https://maven.aliyun.com/repository/public/org/hdrhistogram/HdrHistogram/2.1.9/HdrHistogram-2.1.9.jar (0 B at 0 B/s)
[INFO] com.example:gateway-demo:jar:0.0.1-SNAPSHOT
[INFO] +- org.springframework.cloud:spring-cloud-starter-circuitbreaker-resilience4j:jar:1.0.4.RELEASE:compile
[INFO] |  +- org.springframework.cloud:spring-cloud-starter:jar:2.2.6.RELEASE:compile
[INFO] |  |  \- org.springframework.security:spring-security-rsa:jar:1.0.9.RELEASE:compile
[INFO] |  |     \- org.bouncycastle:bcpkix-jdk15on:jar:1.64:compile
[INFO] |  |        \- org.bouncycastle:bcprov-jdk15on:jar:1.64:compile
[INFO] |  +- org.springframework.cloud:spring-cloud-circuitbreaker-resilience4j:jar:1.0.4.RELEASE:compile
[INFO] |  +- io.github.resilience4j:resilience4j-circuitbreaker:jar:1.3.1:compile
[INFO] |  |  +- io.vavr:vavr:jar:0.10.2:compile
[INFO] |  |  |  \- io.vavr:vavr-match:jar:0.10.2:compile
[INFO] |  |  \- io.github.resilience4j:resilience4j-core:jar:1.3.1:compile
[INFO] |  \- io.github.resilience4j:resilience4j-timelimiter:jar:1.3.1:compile
[INFO] +- org.springframework.cloud:spring-cloud-starter-gateway:jar:2.2.6.RELEASE:compile
[INFO] |  +- org.springframework.cloud:spring-cloud-gateway-server:jar:2.2.6.RELEASE:compile
[INFO] |  |  +- org.springframework.boot:spring-boot-starter-validation:jar:2.3.6.RELEASE:compile
[INFO] |  |  |  +- org.glassfish:jakarta.el:jar:3.0.3:compile
[INFO] |  |  |  \- org.hibernate.validator:hibernate-validator:jar:6.1.6.Final:compile
[INFO] |  |  |     +- jakarta.validation:jakarta.validation-api:jar:2.0.2:compile
[INFO] |  |  |     +- org.jboss.logging:jboss-logging:jar:3.4.1.Final:compile
[INFO] |  |  |     \- com.fasterxml:classmate:jar:1.5.1:compile
[INFO] |  |  \- io.projectreactor.addons:reactor-extra:jar:3.3.4.RELEASE:compile
[INFO] |  |     \- io.projectreactor:reactor-core:jar:3.3.11.RELEASE:compile
[INFO] |  \- org.springframework.boot:spring-boot-starter-webflux:jar:2.3.6.RELEASE:compile
[INFO] |     +- org.springframework.boot:spring-boot-starter-json:jar:2.3.6.RELEASE:compile
[INFO] |     |  +- com.fasterxml.jackson.datatype:jackson-datatype-jdk8:jar:2.11.3:compile
[INFO] |     |  +- com.fasterxml.jackson.datatype:jackson-datatype-jsr310:jar:2.11.3:compile
[INFO] |     |  \- com.fasterxml.jackson.module:jackson-module-parameter-names:jar:2.11.3:compile
[INFO] |     +- org.springframework.boot:spring-boot-starter-reactor-netty:jar:2.3.6.RELEASE:compile
[INFO] |     |  \- io.projectreactor.netty:reactor-netty:jar:0.9.14.RELEASE:compile
[INFO] |     |     +- io.netty:netty-codec-http:jar:4.1.54.Final:compile
[INFO] |     |     |  +- io.netty:netty-common:jar:4.1.54.Final:compile
[INFO] |     |     |  +- io.netty:netty-buffer:jar:4.1.54.Final:compile
[INFO] |     |     |  +- io.netty:netty-transport:jar:4.1.54.Final:compile
[INFO] |     |     |  \- io.netty:netty-codec:jar:4.1.54.Final:compile
[INFO] |     |     +- io.netty:netty-codec-http2:jar:4.1.54.Final:compile
[INFO] |     |     +- io.netty:netty-handler:jar:4.1.54.Final:compile
[INFO] |     |     |  \- io.netty:netty-resolver:jar:4.1.54.Final:compile
[INFO] |     |     +- io.netty:netty-handler-proxy:jar:4.1.54.Final:compile
[INFO] |     |     |  \- io.netty:netty-codec-socks:jar:4.1.54.Final:compile
[INFO] |     |     \- io.netty:netty-transport-native-epoll:jar:linux-x86_64:4.1.54.Final:compile
[INFO] |     |        \- io.netty:netty-transport-native-unix-common:jar:4.1.54.Final:compile
[INFO] |     +- org.springframework:spring-webflux:jar:5.2.11.RELEASE:compile
[INFO] |     \- org.synchronoss.cloud:nio-multipart-parser:jar:1.1.0:compile
[INFO] |        \- org.synchronoss.cloud:nio-stream-storage:jar:1.1.3:compile
[INFO] +- org.springframework.cloud:spring-cloud-starter-openfeign:jar:2.2.6.RELEASE:compile
[INFO] |  +- org.springframework.cloud:spring-cloud-openfeign-core:jar:2.2.6.RELEASE:compile
[INFO] |  |  +- org.springframework.boot:spring-boot-autoconfigure:jar:2.3.6.RELEASE:compile
[INFO] |  |  +- org.springframework.boot:spring-boot-starter-aop:jar:2.3.6.RELEASE:compile
[INFO] |  |  |  \- org.springframework:spring-aop:jar:5.2.11.RELEASE:compile
[INFO] |  |  \- io.github.openfeign.form:feign-form-spring:jar:3.8.0:compile
[INFO] |  |     +- io.github.openfeign.form:feign-form:jar:3.8.0:compile
[INFO] |  |     \- commons-fileupload:commons-fileupload:jar:1.4:compile
[INFO] |  +- org.springframework:spring-web:jar:5.2.11.RELEASE:compile
[INFO] |  |  \- org.springframework:spring-beans:jar:5.2.11.RELEASE:compile
[INFO] |  +- org.springframework.cloud:spring-cloud-commons:jar:2.2.6.RELEASE:compile
[INFO] |  |  \- org.springframework.security:spring-security-crypto:jar:5.3.5.RELEASE:compile
[INFO] |  +- io.github.openfeign:feign-core:jar:10.10.1:compile
[INFO] |  +- io.github.openfeign:feign-slf4j:jar:10.10.1:compile
[INFO] |  \- io.github.openfeign:feign-hystrix:jar:10.10.1:compile
[INFO] |     \- com.netflix.archaius:archaius-core:jar:0.7.6:compile
[INFO] |        \- com.google.code.findbugs:jsr305:jar:3.0.1:runtime
[INFO] +- org.projectlombok:lombok:jar:1.18.16:compile (optional) 
[INFO] +- org.springframework.boot:spring-boot-starter-test:jar:2.3.6.RELEASE:test
[INFO] |  +- org.springframework.boot:spring-boot-starter:jar:2.3.6.RELEASE:compile
[INFO] |  |  +- org.springframework.boot:spring-boot:jar:2.3.6.RELEASE:compile
[INFO] |  |  |  \- org.springframework:spring-context:jar:5.2.11.RELEASE:compile
[INFO] |  |  |     \- org.springframework:spring-expression:jar:5.2.11.RELEASE:compile
[INFO] |  |  +- org.springframework.boot:spring-boot-starter-logging:jar:2.3.6.RELEASE:compile
[INFO] |  |  |  +- ch.qos.logback:logback-classic:jar:1.2.3:compile
[INFO] |  |  |  |  \- ch.qos.logback:logback-core:jar:1.2.3:compile
[INFO] |  |  |  +- org.apache.logging.log4j:log4j-to-slf4j:jar:2.13.3:compile
[INFO] |  |  |  \- org.slf4j:jul-to-slf4j:jar:1.7.30:compile
[INFO] |  |  +- jakarta.annotation:jakarta.annotation-api:jar:1.3.5:compile
[INFO] |  |  \- org.yaml:snakeyaml:jar:1.26:compile
[INFO] |  +- org.springframework.boot:spring-boot-test:jar:2.3.6.RELEASE:test
[INFO] |  +- org.springframework.boot:spring-boot-test-autoconfigure:jar:2.3.6.RELEASE:test
[INFO] |  +- com.jayway.jsonpath:json-path:jar:2.4.0:test
[INFO] |  |  \- net.minidev:json-smart:jar:2.3:test
[INFO] |  |     \- net.minidev:accessors-smart:jar:1.2:test
[INFO] |  +- jakarta.xml.bind:jakarta.xml.bind-api:jar:2.3.3:test
[INFO] |  |  \- jakarta.activation:jakarta.activation-api:jar:1.2.2:test
[INFO] |  +- org.assertj:assertj-core:jar:3.16.1:test
[INFO] |  +- org.hamcrest:hamcrest:jar:2.2:test
[INFO] |  +- org.junit.jupiter:junit-jupiter:jar:5.6.3:test
[INFO] |  |  +- org.junit.jupiter:junit-jupiter-api:jar:5.6.3:test
[INFO] |  |  |  +- org.apiguardian:apiguardian-api:jar:1.1.0:test
[INFO] |  |  |  +- org.opentest4j:opentest4j:jar:1.2.0:test
[INFO] |  |  |  \- org.junit.platform:junit-platform-commons:jar:1.6.3:test
[INFO] |  |  +- org.junit.jupiter:junit-jupiter-params:jar:5.6.3:test
[INFO] |  |  \- org.junit.jupiter:junit-jupiter-engine:jar:5.6.3:test
[INFO] |  |     \- org.junit.platform:junit-platform-engine:jar:1.6.3:test
[INFO] |  +- org.mockito:mockito-core:jar:3.3.3:test
[INFO] |  |  +- net.bytebuddy:byte-buddy:jar:1.10.18:test
[INFO] |  |  +- net.bytebuddy:byte-buddy-agent:jar:1.10.18:test
[INFO] |  |  \- org.objenesis:objenesis:jar:2.6:test
[INFO] |  +- org.mockito:mockito-junit-jupiter:jar:3.3.3:test
[INFO] |  +- org.skyscreamer:jsonassert:jar:1.5.0:test
[INFO] |  |  \- com.vaadin.external.google:android-json:jar:0.0.20131108.vaadin1:test
[INFO] |  +- org.springframework:spring-core:jar:5.2.11.RELEASE:compile
[INFO] |  |  \- org.springframework:spring-jcl:jar:5.2.11.RELEASE:compile
[INFO] |  +- org.springframework:spring-test:jar:5.2.11.RELEASE:test
[INFO] |  \- org.xmlunit:xmlunit-core:jar:2.7.0:test
[INFO] +- org.springframework.cloud:spring-cloud-starter-netflix-hystrix:jar:2.2.6.RELEASE:compile
[INFO] |  +- org.springframework.cloud:spring-cloud-netflix-hystrix:jar:2.2.6.RELEASE:compile
[INFO] |  +- org.springframework.cloud:spring-cloud-netflix-ribbon:jar:2.2.6.RELEASE:compile
[INFO] |  |  \- org.springframework.cloud:spring-cloud-netflix-archaius:jar:2.2.6.RELEASE:compile
[INFO] |  +- org.springframework.cloud:spring-cloud-starter-netflix-archaius:jar:2.2.6.RELEASE:compile
[INFO] |  |  \- commons-configuration:commons-configuration:jar:1.8:compile
[INFO] |  |     \- commons-lang:commons-lang:jar:2.6:compile
[INFO] |  +- com.netflix.hystrix:hystrix-core:jar:1.5.18:compile
[INFO] |  |  +- io.reactivex:rxjava:jar:1.3.8:compile
[INFO] |  |  \- org.hdrhistogram:HdrHistogram:jar:2.1.9:compile
[INFO] |  +- com.netflix.hystrix:hystrix-serialization:jar:1.5.18:compile
[INFO] |  |  +- com.fasterxml.jackson.module:jackson-module-afterburner:jar:2.11.3:runtime
[INFO] |  |  +- com.fasterxml.jackson.core:jackson-core:jar:2.11.3:compile
[INFO] |  |  +- com.fasterxml.jackson.core:jackson-databind:jar:2.11.3:compile
[INFO] |  |  \- com.fasterxml.jackson.core:jackson-annotations:jar:2.11.3:compile
[INFO] |  +- com.netflix.hystrix:hystrix-metrics-event-stream:jar:1.5.18:compile
[INFO] |  +- com.netflix.hystrix:hystrix-javanica:jar:1.5.18:compile
[INFO] |  |  +- org.apache.commons:commons-lang3:jar:3.10:compile
[INFO] |  |  +- org.ow2.asm:asm:jar:5.0.4:runtime
[INFO] |  |  +- org.aspectj:aspectjweaver:jar:1.9.6:compile
[INFO] |  |  \- com.google.guava:guava:jar:29.0-jre:compile
[INFO] |  |     +- com.google.guava:failureaccess:jar:1.0.1:compile
[INFO] |  |     +- com.google.guava:listenablefuture:jar:9999.0-empty-to-avoid-conflict-with-guava:compile
[INFO] |  |     +- org.checkerframework:checker-qual:jar:2.11.1:compile
[INFO] |  |     +- com.google.errorprone:error_prone_annotations:jar:2.3.4:compile
[INFO] |  |     \- com.google.j2objc:j2objc-annotations:jar:1.3:compile
[INFO] |  \- io.reactivex:rxjava-reactive-streams:jar:1.2.1:compile
[INFO] |     \- org.reactivestreams:reactive-streams:jar:1.0.3:compile
[INFO] +- com.alibaba.cloud:spring-cloud-starter-alibaba-nacos-discovery:jar:2.2.3.RELEASE:compile
[INFO] |  +- com.alibaba.nacos:nacos-client:jar:1.3.3:compile
[INFO] |  |  +- com.alibaba.nacos:nacos-common:jar:1.3.3:compile
[INFO] |  |  |  +- commons-io:commons-io:jar:2.2:compile
[INFO] |  |  |  \- org.apache.httpcomponents:httpasyncclient:jar:4.1.4:compile
[INFO] |  |  |     +- org.apache.httpcomponents:httpcore:jar:4.4.13:compile
[INFO] |  |  |     \- org.apache.httpcomponents:httpcore-nio:jar:4.4.13:compile
[INFO] |  |  +- com.alibaba.nacos:nacos-api:jar:1.3.3:compile
[INFO] |  |  +- commons-codec:commons-codec:jar:1.14:compile
[INFO] |  |  \- io.prometheus:simpleclient:jar:0.5.0:compile
[INFO] |  +- com.alibaba.spring:spring-context-support:jar:1.0.10:compile
[INFO] |  +- org.springframework.cloud:spring-cloud-context:jar:2.2.6.RELEASE:compile
[INFO] |  \- org.springframework.cloud:spring-cloud-starter-netflix-ribbon:jar:2.2.6.RELEASE:compile
[INFO] |     +- com.netflix.ribbon:ribbon:jar:2.3.0:compile
[INFO] |     |  +- com.netflix.ribbon:ribbon-transport:jar:2.3.0:runtime
[INFO] |     |  |  +- io.reactivex:rxnetty-contexts:jar:0.4.9:runtime
[INFO] |     |  |  \- io.reactivex:rxnetty-servo:jar:0.4.9:runtime
[INFO] |     |  +- javax.inject:javax.inject:jar:1:runtime
[INFO] |     |  \- io.reactivex:rxnetty:jar:0.4.9:runtime
[INFO] |     +- com.netflix.ribbon:ribbon-core:jar:2.3.0:compile
[INFO] |     +- com.netflix.ribbon:ribbon-httpclient:jar:2.3.0:compile
[INFO] |     |  +- commons-collections:commons-collections:jar:3.2.2:runtime
[INFO] |     |  +- org.apache.httpcomponents:httpclient:jar:4.5.13:compile
[INFO] |     |  +- com.sun.jersey:jersey-client:jar:1.19.1:runtime
[INFO] |     |  |  \- com.sun.jersey:jersey-core:jar:1.19.1:runtime
[INFO] |     |  |     \- javax.ws.rs:jsr311-api:jar:1.1.1:runtime
[INFO] |     |  +- com.sun.jersey.contribs:jersey-apache-client4:jar:1.19.1:runtime
[INFO] |     |  +- com.netflix.servo:servo-core:jar:0.12.21:runtime
[INFO] |     |  \- com.netflix.netflix-commons:netflix-commons-util:jar:0.3.0:runtime
[INFO] |     \- com.netflix.ribbon:ribbon-loadbalancer:jar:2.3.0:compile
[INFO] |        \- com.netflix.netflix-commons:netflix-statistics:jar:0.1.1:runtime
[INFO] +- org.apache.logging.log4j:log4j-api:jar:2.11.1:compile
[INFO] +- org.apache.logging.log4j:log4j-core:jar:2.11.1:compile
[INFO] +- org.apache.logging.log4j:log4j-web:jar:2.9.1:compile
[INFO] +- org.apache.logging.log4j:log4j-slf4j-impl:jar:2.9.1:compile
[INFO] +- org.slf4j:slf4j-api:jar:1.7.25:compile
[INFO] +- com.alibaba:fastjson:jar:1.2.70:compile
[INFO] \- com.lmax:disruptor:jar:3.4.2:compile
[INFO] ------------------------------------------------------------------------
[INFO] BUILD SUCCESS
[INFO] ------------------------------------------------------------------------
[INFO] Total time:  3.227 s
[INFO] Finished at: 2020-12-05T15:32:33+08:00
[INFO] ------------------------------------------------------------------------
